<?xml version="1.0" encoding="UTF-8"?>
<!-- Generated by org.testng.reporters.JUnitXMLReporter -->
<testsuite ignored="0" hostname="DESKTOP-7JIHNH1" failures="1" tests="4" name="listioner test" time="44.702" errors="0" timestamp="2023-09-02T13:02:15 IST">
  <testcase classname="sudodemo.FirstTest" name="testone" time="9.971"/>
  <testcase classname="sudodemo.FirstTest" name="testone" time="9.236"/>
  <testcase classname="sudodemo.FirstTest" name="testone" time="9.11"/>
  <testcase classname="sudodemo.FirstTest" name="testtwo" time="0.927">
    <failure type="java.lang.AssertionError" message="null">
      <![CDATA[java.lang.AssertionError: null
at sudodemo.FirstTest.testtwo(FirstTest.java:48)
at java.base/java.util.ArrayList.forEach(ArrayList.java:1511)
... Removed 29 stack frames]]>
    </failure>
  </testcase> <!-- testtwo -->
</testsuite> <!-- listioner test -->
