<?xml version="1.0" encoding="UTF-8"?>
<!-- Generated by org.testng.reporters.JUnitXMLReporter -->
<testsuite ignored="0" hostname="DESKTOP-7JIHNH1" failures="0" tests="3" name="Default test" time="29.407" errors="0" timestamp="2023-09-02T11:00:45 IST">
  <testcase classname="sudodemo.FirstTest" name="testone" time="7.106"/>
  <testcase classname="sudodemo.FirstTest" name="testone" time="7.154"/>
  <testcase classname="sudodemo.FirstTest" name="testone" time="7.054"/>
</testsuite> <!-- Default test -->
