<?xml version="1.0" encoding="UTF-8"?>
<!-- Generated by org.testng.reporters.JUnitXMLReporter -->
<testsuite ignored="0" hostname="DESKTOP-7JIHNH1" failures="0" tests="3" name="Test1" time="8.775" errors="0" timestamp="2023-08-28T10:02:09 IST">
  <testcase classname="sudodemo.FirstTest" name="testtwo" time="0.295">
    <skipped/>
  </testcase> <!-- testtwo -->
  <testcase classname="sudodemo.FirstTest" name="testtwo" time="0.301">
    <skipped/>
  </testcase> <!-- testtwo -->
  <testcase classname="sudodemo.FirstTest" name="testtwo" time="0.277">
    <skipped/>
  </testcase> <!-- testtwo -->
</testsuite> <!-- Test1 -->
